<?xml version="1.0" encoding="UTF-8"?>
<testng-results ignored="0" total="1" passed="1" failed="0" skipped="0">
  <reporter-output>
  </reporter-output>
  <suite started-at="2020-03-26T12:50:33Z" name="Web Suite" finished-at="2020-03-26T12:50:37Z" duration-ms="4001">
    <groups>
    </groups>
    <test started-at="2020-03-26T12:50:33Z" name="chrome" finished-at="2020-03-26T12:50:37Z" duration-ms="4001">
      <class name="com.CalculatorTest">
        <test-method is-config="true" signature="beforeSuite()[pri:0, instance:com.CalculatorTest@40005471]" started-at="2020-03-26T15:50:33Z" name="beforeSuite" finished-at="2020-03-26T15:50:33Z" duration-ms="179" status="PASS">
          <reporter-output>
          </reporter-output>
        </test-method> <!-- beforeSuite -->
        <test-method is-config="true" signature="Setup()[pri:0, instance:com.CalculatorTest@40005471]" started-at="2020-03-26T15:50:33Z" name="Setup" finished-at="2020-03-26T15:50:35Z" duration-ms="2058" status="PASS">
          <reporter-output>
          </reporter-output>
        </test-method> <!-- Setup -->
        <test-method is-config="true" signature="beforeMethod(java.lang.reflect.Method)[pri:0, instance:com.CalculatorTest@40005471]" started-at="2020-03-26T15:50:35Z" name="beforeMethod" finished-at="2020-03-26T15:50:35Z" duration-ms="24" status="PASS">
          <params>
            <param index="0">
              <value>
                <![CDATA[public void com.CalculatorTest.TestPlus() throws java.lang.InterruptedException]]>
              </value>
            </param>
          </params>
          <reporter-output>
          </reporter-output>
        </test-method> <!-- beforeMethod -->
        <test-method signature="TestPlus()[pri:0, instance:com.CalculatorTest@40005471]" started-at="2020-03-26T15:50:35Z" name="TestPlus" finished-at="2020-03-26T15:50:37Z" duration-ms="1833" status="PASS">
          <reporter-output>
          </reporter-output>
        </test-method> <!-- TestPlus -->
        <test-method is-config="true" signature="tearDown(org.testng.ITestResult)[pri:0, instance:com.CalculatorTest@40005471]" started-at="2020-03-26T15:50:37Z" name="tearDown" finished-at="2020-03-26T15:50:37Z" duration-ms="1" status="PASS">
          <params>
            <param index="0">
              <value>
                <![CDATA[[TestResult name=TestPlus status=SUCCESS method=CalculatorTest.TestPlus()[pri:0, instance:com.CalculatorTest@40005471] output={null}]]]>
              </value>
            </param>
          </params>
          <reporter-output>
          </reporter-output>
        </test-method> <!-- tearDown -->
        <test-method is-config="true" signature="tearDown()[pri:0, instance:com.CalculatorTest@40005471]" started-at="2020-03-26T15:50:37Z" name="tearDown" finished-at="2020-03-26T15:50:37Z" duration-ms="64" status="PASS">
          <reporter-output>
          </reporter-output>
        </test-method> <!-- tearDown -->
        <test-method is-config="true" signature="afterSuite()[pri:0, instance:com.CalculatorTest@40005471]" started-at="2020-03-26T15:50:37Z" name="afterSuite" finished-at="2020-03-26T15:50:38Z" duration-ms="631" status="PASS">
          <reporter-output>
          </reporter-output>
        </test-method> <!-- afterSuite -->
      </class> <!-- com.CalculatorTest -->
    </test> <!-- chrome -->
  </suite> <!-- Web Suite -->
</testng-results>
